INFO:new_clustering:Strain: 129P3/J ; Features: (53990, 56) ; Embedding: (53990, 25) ; Labels: (53990,)
INFO:new_clustering:Strain: 129S1/SvlmJ ; Features: (53990, 56) ; Embedding: (53990, 25) ; Labels: (53990,)
INFO:new_clustering:Strain: 129X1/SvJ ; Features: (53990, 56) ; Embedding: (53990, 25) ; Labels: (53990,)
INFO:new_clustering:Strain: A/J ; Features: (53990, 56) ; Embedding: (53990, 25) ; Labels: (53990,)
INFO:new_clustering:Strain: AKR/J ; Features: (53990, 56) ; Embedding: (53990, 25) ; Labels: (53990,)
INFO:new_clustering:Strain: B6129PF1/J ; Features: (53990, 56) ; Embedding: (53990, 25) ; Labels: (53990,)
INFO:new_clustering:Strain: B6129SF1/J ; Features: (53990, 56) ; Embedding: (53990, 25) ; Labels: (53990,)
INFO:new_clustering:Strain: B6AF1/J ; Features: (53990, 56) ; Embedding: (53990, 25) ; Labels: (53990,)
INFO:new_clustering:Strain: B6C3F1/J ; Features: (53990, 56) ; Embedding: (53990, 25) ; Labels: (53990,)
INFO:new_clustering:Strain: B6CBAF1/J ; Features: (53990, 56) ; Embedding: (53990, 25) ; Labels: (53990,)
INFO:new_clustering:Strain: B6D2F1/J ; Features: (53990, 56) ; Embedding: (53990, 25) ; Labels: (53990,)
INFO:new_clustering:Strain: B6SJLF1/J ; Features: (53990, 56) ; Embedding: (53990, 25) ; Labels: (53990,)
INFO:new_clustering:Strain: BALB/cByJ ; Features: (53990, 56) ; Embedding: (53990, 25) ; Labels: (53990,)
INFO:new_clustering:Strain: BALB/cJ ; Features: (53990, 56) ; Embedding: (53990, 25) ; Labels: (53990,)
INFO:new_clustering:Strain: BTBR T<+>ltpr3<tf>/J ; Features: (53990, 56) ; Embedding: (53990, 25) ; Labels: (53990,)
INFO:new_clustering:Strain: C3H/HeJ ; Features: (53990, 56) ; Embedding: (53990, 25) ; Labels: (53990,)
INFO:new_clustering:Strain: C3H/HeOuJ ; Features: (53990, 56) ; Embedding: (53990, 25) ; Labels: (53990,)
INFO:new_clustering:Strain: C3HeB/FeJ ; Features: (53990, 56) ; Embedding: (53990, 25) ; Labels: (53990,)
INFO:new_clustering:Strain: C57BL/10SnJ ; Features: (53990, 56) ; Embedding: (53990, 25) ; Labels: (53990,)
INFO:new_clustering:Strain: C57BL/6J ; Features: (53990, 56) ; Embedding: (53990, 25) ; Labels: (53990,)
INFO:new_clustering:Strain: C57BL/6NJ ; Features: (53990, 56) ; Embedding: (53990, 25) ; Labels: (53990,)
INFO:new_clustering:Strain: C57BLKS/J ; Features: (53990, 56) ; Embedding: (53990, 25) ; Labels: (53990,)
INFO:new_clustering:Strain: C57BR/cdJ ; Features: (43192, 56) ; Embedding: (43192, 25) ; Labels: (43192,)
INFO:new_clustering:Strain: C57L/J ; Features: (53990, 56) ; Embedding: (53990, 25) ; Labels: (53990,)
INFO:new_clustering:Strain: C58/J ; Features: (53990, 56) ; Embedding: (53990, 25) ; Labels: (53990,)
INFO:new_clustering:Strain: CAF1/J ; Features: (53990, 56) ; Embedding: (53990, 25) ; Labels: (53990,)
INFO:new_clustering:Strain: CAST/EiJ ; Features: (53990, 56) ; Embedding: (53990, 25) ; Labels: (53990,)
INFO:new_clustering:Strain: CB6F1/J ; Features: (53990, 56) ; Embedding: (53990, 25) ; Labels: (53990,)
INFO:new_clustering:Strain: CBA/CaJ ; Features: (53990, 56) ; Embedding: (53990, 25) ; Labels: (53990,)
INFO:new_clustering:Strain: CBA/J ; Features: (53990, 56) ; Embedding: (53990, 25) ; Labels: (53990,)
INFO:new_clustering:Strain: CByB6F1/J ; Features: (53990, 56) ; Embedding: (53990, 25) ; Labels: (53990,)
INFO:new_clustering:Strain: CZECHII/EiJ ; Features: (21596, 56) ; Embedding: (21596, 25) ; Labels: (21596,)
INFO:new_clustering:Strain: DBA/1J ; Features: (53990, 56) ; Embedding: (53990, 25) ; Labels: (53990,)
INFO:new_clustering:Strain: DBA/2J ; Features: (53990, 56) ; Embedding: (53990, 25) ; Labels: (53990,)
INFO:new_clustering:Strain: FVB/NJ ; Features: (53990, 56) ; Embedding: (53990, 25) ; Labels: (53990,)
INFO:new_clustering:Strain: I/LnJ ; Features: (48591, 56) ; Embedding: (48591, 25) ; Labels: (48591,)
INFO:new_clustering:Strain: KK/HiJ ; Features: (53990, 56) ; Embedding: (53990, 25) ; Labels: (53990,)
INFO:new_clustering:Strain: LG/J ; Features: (53990, 56) ; Embedding: (53990, 25) ; Labels: (53990,)
INFO:new_clustering:Strain: LP/J ; Features: (53990, 56) ; Embedding: (53990, 25) ; Labels: (53990,)
INFO:new_clustering:Strain: MA/MyJ ; Features: (53990, 56) ; Embedding: (53990, 25) ; Labels: (53990,)
INFO:new_clustering:Strain: MOLF/EiJ ; Features: (43192, 56) ; Embedding: (43192, 25) ; Labels: (43192,)
INFO:new_clustering:Strain: MRL/MpJ ; Features: (53990, 56) ; Embedding: (53990, 25) ; Labels: (53990,)
INFO:new_clustering:Strain: MSM/MsJ ; Features: (16197, 56) ; Embedding: (16197, 25) ; Labels: (16197,)
INFO:new_clustering:Strain: NOD/ShiLtJ ; Features: (53990, 56) ; Embedding: (53990, 25) ; Labels: (53990,)
INFO:new_clustering:Strain: NON/ShiLtJ ; Features: (53990, 56) ; Embedding: (53990, 25) ; Labels: (53990,)
INFO:new_clustering:Strain: NOR/LtJ ; Features: (53990, 56) ; Embedding: (53990, 25) ; Labels: (53990,)
INFO:new_clustering:Strain: NU/J ; Features: (10798, 56) ; Embedding: (10798, 25) ; Labels: (10798,)
INFO:new_clustering:Strain: NZB/BlNJ ; Features: (53990, 56) ; Embedding: (53990, 25) ; Labels: (53990,)
INFO:new_clustering:Strain: NZBWF1/J ; Features: (53990, 56) ; Embedding: (53990, 25) ; Labels: (53990,)
INFO:new_clustering:Strain: NZO/HILtJ ; Features: (5399, 56) ; Embedding: (5399, 25) ; Labels: (5399,)
INFO:new_clustering:Strain: NZW/LacJ ; Features: (53990, 56) ; Embedding: (53990, 25) ; Labels: (53990,)
INFO:new_clustering:Strain: PL/J ; Features: (53990, 56) ; Embedding: (53990, 25) ; Labels: (53990,)
INFO:new_clustering:Strain: PWK/PhJ ; Features: (5399, 56) ; Embedding: (5399, 25) ; Labels: (5399,)
INFO:new_clustering:Strain: WSB/EiJ ; Features: (5399, 56) ; Embedding: (5399, 25) ; Labels: (5399,)
INFO:new_clustering:Strain: PWD/PhJ ; Features: (53990, 56) ; Embedding: (53990, 25) ; Labels: (53990,)
INFO:new_clustering:Strain: RIIIS/J ; Features: (53990, 56) ; Embedding: (53990, 25) ; Labels: (53990,)
INFO:new_clustering:Strain: SEA/GnJ ; Features: (53990, 56) ; Embedding: (53990, 25) ; Labels: (53990,)
INFO:new_clustering:Strain: SJL/J ; Features: (53990, 56) ; Embedding: (53990, 25) ; Labels: (53990,)
INFO:new_clustering:Strain: SM/J ; Features: (48591, 56) ; Embedding: (48591, 25) ; Labels: (48591,)
INFO:new_clustering:Strain: SWR/J ; Features: (53990, 56) ; Embedding: (53990, 25) ; Labels: (53990,)
INFO:new_clustering:Strain: TALLYHO/JngJ ; Features: (53990, 56) ; Embedding: (53990, 25) ; Labels: (53990,)
INFO:new_clustering:pooling 74 clusters from 129P3/J with entropy ratio 0.9440549053568476
INFO:new_clustering:pooling 72 clusters from 129X1/SvJ with entropy ratio 0.957871915342911
INFO:new_clustering:pooling 67 clusters from A/J with entropy ratio 0.9494185968813842
INFO:new_clustering:pooling 52 clusters from AKR/J with entropy ratio 0.9171774007744945
INFO:new_clustering:pooling 44 clusters from B6129PF1/J with entropy ratio 0.9191769424629994
INFO:new_clustering:pooling 53 clusters from B6129SF1/J with entropy ratio 0.9440306396855512
INFO:new_clustering:pooling 29 clusters from B6CBAF1/J with entropy ratio 0.9753402747813328
INFO:new_clustering:pooling 45 clusters from B6SJLF1/J with entropy ratio 0.9520367264617708
INFO:new_clustering:pooling 53 clusters from BALB/cByJ with entropy ratio 0.9281342374087871
INFO:new_clustering:pooling 53 clusters from BTBR T<+>ltpr3<tf>/J with entropy ratio 0.94615023175938
INFO:new_clustering:pooling 57 clusters from C3H/HeJ with entropy ratio 0.9329749239204406
INFO:new_clustering:pooling 40 clusters from C3H/HeOuJ with entropy ratio 0.9279327724634617
INFO:new_clustering:pooling 56 clusters from C3HeB/FeJ with entropy ratio 0.9411474551486242
INFO:new_clustering:pooling 35 clusters from C57BL/10SnJ with entropy ratio 0.9451835925262371
INFO:new_clustering:pooling 40 clusters from C57BL/6J with entropy ratio 0.9226643397800387
INFO:new_clustering:pooling 31 clusters from C57BLKS/J with entropy ratio 0.9580286280209375
INFO:new_clustering:pooling 33 clusters from C57BR/cdJ with entropy ratio 0.9071251566184243
INFO:new_clustering:pooling 18 clusters from C57L/J with entropy ratio 0.9691445869033235
INFO:new_clustering:pooling 33 clusters from C58/J with entropy ratio 0.9322871928719318
INFO:new_clustering:pooling 50 clusters from CAF1/J with entropy ratio 0.9071025092935219
INFO:new_clustering:pooling 37 clusters from CAST/EiJ with entropy ratio 0.9465124692380738
INFO:new_clustering:pooling 30 clusters from CB6F1/J with entropy ratio 0.9056915193914004
INFO:new_clustering:pooling 37 clusters from CBA/CaJ with entropy ratio 0.9444063896442496
INFO:new_clustering:pooling 56 clusters from CBA/J with entropy ratio 0.957047135330364
INFO:new_clustering:pooling 40 clusters from CByB6F1/J with entropy ratio 0.945792947686508
INFO:new_clustering:pooling 64 clusters from CZECHII/EiJ with entropy ratio 0.9283137047167646
INFO:new_clustering:pooling 60 clusters from DBA/2J with entropy ratio 0.9494678246000532
INFO:new_clustering:pooling 23 clusters from FVB/NJ with entropy ratio 0.9460221991309016
INFO:new_clustering:pooling 80 clusters from I/LnJ with entropy ratio 0.9651370890021475
INFO:new_clustering:pooling 9 clusters from KK/HiJ with entropy ratio 0.9274716379643939
INFO:new_clustering:pooling 60 clusters from LG/J with entropy ratio 0.9322273184814311
INFO:new_clustering:pooling 45 clusters from MA/MyJ with entropy ratio 0.9481139976522892
INFO:new_clustering:pooling 76 clusters from MOLF/EiJ with entropy ratio 0.9688464766982599
INFO:new_clustering:pooling 63 clusters from MRL/MpJ with entropy ratio 0.9611080497809877
INFO:new_clustering:pooling 80 clusters from MSM/MsJ with entropy ratio 0.9651148293572362
INFO:new_clustering:pooling 37 clusters from NOD/ShiLtJ with entropy ratio 0.952649198324906
INFO:new_clustering:pooling 27 clusters from NON/ShiLtJ with entropy ratio 0.9490296613614723
INFO:new_clustering:pooling 60 clusters from NU/J with entropy ratio 0.9332929115975188
INFO:new_clustering:pooling 73 clusters from NZB/BlNJ with entropy ratio 0.9251246368247693
INFO:new_clustering:pooling 60 clusters from NZBWF1/J with entropy ratio 0.9085494877605836
INFO:new_clustering:pooling 73 clusters from NZO/HILtJ with entropy ratio 0.9626384812378413
INFO:new_clustering:pooling 62 clusters from NZW/LacJ with entropy ratio 0.9497573000643325
INFO:new_clustering:pooling 51 clusters from PWD/PhJ with entropy ratio 0.9170956014061695
INFO:new_clustering:pooling 75 clusters from SJL/J with entropy ratio 0.9611345088825094
INFO:new_clustering:pooling 24 clusters from SM/J with entropy ratio 0.9501157229506184
INFO:new_clustering:pooling 16 clusters from SWR/J with entropy ratio 0.9266310875173076
INFO:new_clustering:pooling 58 clusters from TALLYHO/JngJ with entropy ratio 0.9372785989593699
INFO:new_clustering:pooling 85 clusters from WSB/EiJ with entropy ratio 0.9649933180047415
INFO:new_clustering:running on: 18 CPUs
